<?xml version="1.0" encoding="UTF-8"?>
<!-- Generated by org.testng.reporters.JUnitReportReporter -->
<testsuite hostname="Dell-PC" failures="0" tests="1" name="Com.Qa.Test.LoginTest" time="30.542" errors="0" timestamp="02 Sep 2020 05:03:00 GMT" skipped="0">
  <testcase classname="Com.Qa.Test.LoginTest" name="loginTest_Scenario" time="30.542"/>
</testsuite> <!-- Com.Qa.Test.LoginTest -->
