<?xml version="1.0" encoding="UTF-8"?>
<!-- Generated by org.testng.reporters.JUnitReportReporter -->
<testsuite hostname="Dell-PC" failures="0" tests="1" name="Com.Qa.Test.LoginTest" time="45.388" errors="0" timestamp="01 Sep 2020 16:51:52 GMT" skipped="0">
  <testcase classname="Com.Qa.Test.LoginTest" name="loginTest_Scenario" time="45.388"/>
</testsuite> <!-- Com.Qa.Test.LoginTest -->
