<?xml version="1.0" encoding="UTF-8"?>
<!-- Generated by org.testng.reporters.JUnitReportReporter -->
<testsuite hostname="Dell-PC" failures="0" tests="2" name="Com.Qa.Test.LoginTest" time="91.682" errors="0" timestamp="03 Sep 2020 10:25:10 GMT" skipped="0">
  <testcase classname="Com.Qa.Test.LoginTest" name="loginTest_Scenario" time="91.519"/>
  <testcase classname="Com.Qa.Test.LoginTest" name="signupTest_Scenario" time="0.163"/>
</testsuite> <!-- Com.Qa.Test.LoginTest -->
